Determining if the Q_WS_WIN exist failed with the following output:
Change Dir: /home/kgpkubs/ssl/src/ssl-vision/CMakeFiles/CMakeTmp

Run Build Command:"/usr/bin/make" "cmTryCompileExec762640289/fast"
/usr/bin/make -f CMakeFiles/cmTryCompileExec762640289.dir/build.make CMakeFiles/cmTryCompileExec762640289.dir/build
make[1]: Entering directory `/home/kgpkubs/ssl/src/ssl-vision/CMakeFiles/CMakeTmp'
/usr/bin/cmake -E cmake_progress_report /home/kgpkubs/ssl/src/ssl-vision/CMakeFiles/CMakeTmp/CMakeFiles 1
Building CXX object CMakeFiles/cmTryCompileExec762640289.dir/CheckSymbolExists.cxx.o
/usr/bin/c++    -I/usr/include/qt4    -o CMakeFiles/cmTryCompileExec762640289.dir/CheckSymbolExists.cxx.o -c /home/kgpkubs/ssl/src/ssl-vision/CMakeFiles/CMakeTmp/CheckSymbolExists.cxx
/home/kgpkubs/ssl/src/ssl-vision/CMakeFiles/CMakeTmp/CheckSymbolExists.cxx: In function ‘int main(int, char**)’:
/home/kgpkubs/ssl/src/ssl-vision/CMakeFiles/CMakeTmp/CheckSymbolExists.cxx:8:19: error: ‘Q_WS_WIN’ was not declared in this scope
   return ((int*)(&Q_WS_WIN))[argc];
                   ^
make[1]: Leaving directory `/home/kgpkubs/ssl/src/ssl-vision/CMakeFiles/CMakeTmp'
make[1]: *** [CMakeFiles/cmTryCompileExec762640289.dir/CheckSymbolExists.cxx.o] Error 1
make: *** [cmTryCompileExec762640289/fast] Error 2

File /home/kgpkubs/ssl/src/ssl-vision/CMakeFiles/CMakeTmp/CheckSymbolExists.cxx:
/* */
#include <QtCore/qglobal.h>

int main(int argc, char** argv)
{
  (void)argv;
#ifndef Q_WS_WIN
  return ((int*)(&Q_WS_WIN))[argc];
#else
  (void)argc;
  return 0;
#endif
}

Determining if the Q_WS_QWS exist failed with the following output:
Change Dir: /home/kgpkubs/ssl/src/ssl-vision/CMakeFiles/CMakeTmp

Run Build Command:"/usr/bin/make" "cmTryCompileExec1813551182/fast"
/usr/bin/make -f CMakeFiles/cmTryCompileExec1813551182.dir/build.make CMakeFiles/cmTryCompileExec1813551182.dir/build
make[1]: Entering directory `/home/kgpkubs/ssl/src/ssl-vision/CMakeFiles/CMakeTmp'
/usr/bin/cmake -E cmake_progress_report /home/kgpkubs/ssl/src/ssl-vision/CMakeFiles/CMakeTmp/CMakeFiles 1
Building CXX object CMakeFiles/cmTryCompileExec1813551182.dir/CheckSymbolExists.cxx.o
/usr/bin/c++    -I/usr/include/qt4    -o CMakeFiles/cmTryCompileExec1813551182.dir/CheckSymbolExists.cxx.o -c /home/kgpkubs/ssl/src/ssl-vision/CMakeFiles/CMakeTmp/CheckSymbolExists.cxx
/home/kgpkubs/ssl/src/ssl-vision/CMakeFiles/CMakeTmp/CheckSymbolExists.cxx: In function ‘int main(int, char**)’:
/home/kgpkubs/ssl/src/ssl-vision/CMakeFiles/CMakeTmp/CheckSymbolExists.cxx:8:19: error: ‘Q_WS_QWS’ was not declared in this scope
   return ((int*)(&Q_WS_QWS))[argc];
                   ^
make[1]: Leaving directory `/home/kgpkubs/ssl/src/ssl-vision/CMakeFiles/CMakeTmp'
make[1]: *** [CMakeFiles/cmTryCompileExec1813551182.dir/CheckSymbolExists.cxx.o] Error 1
make: *** [cmTryCompileExec1813551182/fast] Error 2

File /home/kgpkubs/ssl/src/ssl-vision/CMakeFiles/CMakeTmp/CheckSymbolExists.cxx:
/* */
#include <QtCore/qglobal.h>

int main(int argc, char** argv)
{
  (void)argv;
#ifndef Q_WS_QWS
  return ((int*)(&Q_WS_QWS))[argc];
#else
  (void)argc;
  return 0;
#endif
}

Determining if the Q_WS_MAC exist failed with the following output:
Change Dir: /home/kgpkubs/ssl/src/ssl-vision/CMakeFiles/CMakeTmp

Run Build Command:"/usr/bin/make" "cmTryCompileExec3045960357/fast"
/usr/bin/make -f CMakeFiles/cmTryCompileExec3045960357.dir/build.make CMakeFiles/cmTryCompileExec3045960357.dir/build
make[1]: Entering directory `/home/kgpkubs/ssl/src/ssl-vision/CMakeFiles/CMakeTmp'
/usr/bin/cmake -E cmake_progress_report /home/kgpkubs/ssl/src/ssl-vision/CMakeFiles/CMakeTmp/CMakeFiles 1
Building CXX object CMakeFiles/cmTryCompileExec3045960357.dir/CheckSymbolExists.cxx.o
/usr/bin/c++    -I/usr/include/qt4    -o CMakeFiles/cmTryCompileExec3045960357.dir/CheckSymbolExists.cxx.o -c /home/kgpkubs/ssl/src/ssl-vision/CMakeFiles/CMakeTmp/CheckSymbolExists.cxx
/home/kgpkubs/ssl/src/ssl-vision/CMakeFiles/CMakeTmp/CheckSymbolExists.cxx: In function ‘int main(int, char**)’:
/home/kgpkubs/ssl/src/ssl-vision/CMakeFiles/CMakeTmp/CheckSymbolExists.cxx:8:19: error: ‘Q_WS_MAC’ was not declared in this scope
   return ((int*)(&Q_WS_MAC))[argc];
                   ^
make[1]: Leaving directory `/home/kgpkubs/ssl/src/ssl-vision/CMakeFiles/CMakeTmp'
make[1]: *** [CMakeFiles/cmTryCompileExec3045960357.dir/CheckSymbolExists.cxx.o] Error 1
make: *** [cmTryCompileExec3045960357/fast] Error 2

File /home/kgpkubs/ssl/src/ssl-vision/CMakeFiles/CMakeTmp/CheckSymbolExists.cxx:
/* */
#include <QtCore/qglobal.h>

int main(int argc, char** argv)
{
  (void)argv;
#ifndef Q_WS_MAC
  return ((int*)(&Q_WS_MAC))[argc];
#else
  (void)argc;
  return 0;
#endif
}

Determining if the Q_WS_WIN exist failed with the following output:
Change Dir: /home/kgpkubs/ssl/src/ssl-vision/CMakeFiles/CMakeTmp

Run Build Command:"/usr/bin/make" "cmTC_2444f/fast"
/usr/bin/make -f CMakeFiles/cmTC_2444f.dir/build.make CMakeFiles/cmTC_2444f.dir/build
make[1]: Entering directory `/home/kgpkubs/ssl/src/ssl-vision/CMakeFiles/CMakeTmp'
Building CXX object CMakeFiles/cmTC_2444f.dir/CheckSymbolExists.cxx.o
/usr/bin/c++    -I/usr/include/qt4   -o CMakeFiles/cmTC_2444f.dir/CheckSymbolExists.cxx.o -c /home/kgpkubs/ssl/src/ssl-vision/CMakeFiles/CMakeTmp/CheckSymbolExists.cxx
/home/kgpkubs/ssl/src/ssl-vision/CMakeFiles/CMakeTmp/CheckSymbolExists.cxx: In function ‘int main(int, char**)’:
/home/kgpkubs/ssl/src/ssl-vision/CMakeFiles/CMakeTmp/CheckSymbolExists.cxx:8:19: error: ‘Q_WS_WIN’ was not declared in this scope
   return ((int*)(&Q_WS_WIN))[argc];
                   ^
make[1]: Leaving directory `/home/kgpkubs/ssl/src/ssl-vision/CMakeFiles/CMakeTmp'
make[1]: *** [CMakeFiles/cmTC_2444f.dir/CheckSymbolExists.cxx.o] Error 1
make: *** [cmTC_2444f/fast] Error 2

File /home/kgpkubs/ssl/src/ssl-vision/CMakeFiles/CMakeTmp/CheckSymbolExists.cxx:
/* */
#include <QtCore/qglobal.h>

int main(int argc, char** argv)
{
  (void)argv;
#ifndef Q_WS_WIN
  return ((int*)(&Q_WS_WIN))[argc];
#else
  (void)argc;
  return 0;
#endif
}

Determining if the Q_WS_QWS exist failed with the following output:
Change Dir: /home/kgpkubs/ssl/src/ssl-vision/CMakeFiles/CMakeTmp

Run Build Command:"/usr/bin/make" "cmTC_abbae/fast"
/usr/bin/make -f CMakeFiles/cmTC_abbae.dir/build.make CMakeFiles/cmTC_abbae.dir/build
make[1]: Entering directory `/home/kgpkubs/ssl/src/ssl-vision/CMakeFiles/CMakeTmp'
Building CXX object CMakeFiles/cmTC_abbae.dir/CheckSymbolExists.cxx.o
/usr/bin/c++    -I/usr/include/qt4   -o CMakeFiles/cmTC_abbae.dir/CheckSymbolExists.cxx.o -c /home/kgpkubs/ssl/src/ssl-vision/CMakeFiles/CMakeTmp/CheckSymbolExists.cxx
/home/kgpkubs/ssl/src/ssl-vision/CMakeFiles/CMakeTmp/CheckSymbolExists.cxx: In function ‘int main(int, char**)’:
/home/kgpkubs/ssl/src/ssl-vision/CMakeFiles/CMakeTmp/CheckSymbolExists.cxx:8:19: error: ‘Q_WS_QWS’ was not declared in this scope
   return ((int*)(&Q_WS_QWS))[argc];
                   ^
make[1]: *** [CMakeFiles/cmTC_abbae.dir/CheckSymbolExists.cxx.o] Error 1
make[1]: Leaving directory `/home/kgpkubs/ssl/src/ssl-vision/CMakeFiles/CMakeTmp'
make: *** [cmTC_abbae/fast] Error 2

File /home/kgpkubs/ssl/src/ssl-vision/CMakeFiles/CMakeTmp/CheckSymbolExists.cxx:
/* */
#include <QtCore/qglobal.h>

int main(int argc, char** argv)
{
  (void)argv;
#ifndef Q_WS_QWS
  return ((int*)(&Q_WS_QWS))[argc];
#else
  (void)argc;
  return 0;
#endif
}

Determining if the Q_WS_MAC exist failed with the following output:
Change Dir: /home/kgpkubs/ssl/src/ssl-vision/CMakeFiles/CMakeTmp

Run Build Command:"/usr/bin/make" "cmTC_efe69/fast"
/usr/bin/make -f CMakeFiles/cmTC_efe69.dir/build.make CMakeFiles/cmTC_efe69.dir/build
make[1]: Entering directory `/home/kgpkubs/ssl/src/ssl-vision/CMakeFiles/CMakeTmp'
Building CXX object CMakeFiles/cmTC_efe69.dir/CheckSymbolExists.cxx.o
/usr/bin/c++    -I/usr/include/qt4   -o CMakeFiles/cmTC_efe69.dir/CheckSymbolExists.cxx.o -c /home/kgpkubs/ssl/src/ssl-vision/CMakeFiles/CMakeTmp/CheckSymbolExists.cxx
/home/kgpkubs/ssl/src/ssl-vision/CMakeFiles/CMakeTmp/CheckSymbolExists.cxx: In function ‘int main(int, char**)’:
/home/kgpkubs/ssl/src/ssl-vision/CMakeFiles/CMakeTmp/CheckSymbolExists.cxx:8:19: error: ‘Q_WS_MAC’ was not declared in this scope
   return ((int*)(&Q_WS_MAC))[argc];
                   ^
make[1]: *** [CMakeFiles/cmTC_efe69.dir/CheckSymbolExists.cxx.o] Error 1
make[1]: Leaving directory `/home/kgpkubs/ssl/src/ssl-vision/CMakeFiles/CMakeTmp'
make: *** [cmTC_efe69/fast] Error 2

File /home/kgpkubs/ssl/src/ssl-vision/CMakeFiles/CMakeTmp/CheckSymbolExists.cxx:
/* */
#include <QtCore/qglobal.h>

int main(int argc, char** argv)
{
  (void)argv;
#ifndef Q_WS_MAC
  return ((int*)(&Q_WS_MAC))[argc];
#else
  (void)argc;
  return 0;
#endif
}

Determining if the Q_WS_WIN exist failed with the following output:
Change Dir: /home/smarak/krssg/krssg-ssl/ssl-vision/CMakeFiles/CMakeTmp

Run Build Command(s):/usr/bin/make cmTC_d4d65/fast && /usr/bin/make -f CMakeFiles/cmTC_d4d65.dir/build.make CMakeFiles/cmTC_d4d65.dir/build
make[1]: Entering directory '/home/smarak/krssg/krssg-ssl/ssl-vision/CMakeFiles/CMakeTmp'
Building CXX object CMakeFiles/cmTC_d4d65.dir/CheckSymbolExists.cxx.o
/usr/bin/c++   -I/usr/include/qt4   -o CMakeFiles/cmTC_d4d65.dir/CheckSymbolExists.cxx.o -c /home/smarak/krssg/krssg-ssl/ssl-vision/CMakeFiles/CMakeTmp/CheckSymbolExists.cxx
/home/smarak/krssg/krssg-ssl/ssl-vision/CMakeFiles/CMakeTmp/CheckSymbolExists.cxx: In function ‘int main(int, char**)’:
/home/smarak/krssg/krssg-ssl/ssl-vision/CMakeFiles/CMakeTmp/CheckSymbolExists.cxx:8:19: error: ‘Q_WS_WIN’ was not declared in this scope
    8 |   return ((int*)(&Q_WS_WIN))[argc];
      |                   ^~~~~~~~
make[1]: *** [CMakeFiles/cmTC_d4d65.dir/build.make:66: CMakeFiles/cmTC_d4d65.dir/CheckSymbolExists.cxx.o] Error 1
make[1]: Leaving directory '/home/smarak/krssg/krssg-ssl/ssl-vision/CMakeFiles/CMakeTmp'
make: *** [Makefile:121: cmTC_d4d65/fast] Error 2


File /home/smarak/krssg/krssg-ssl/ssl-vision/CMakeFiles/CMakeTmp/CheckSymbolExists.cxx:
/* */
#include <QtCore/qglobal.h>

int main(int argc, char** argv)
{
  (void)argv;
#ifndef Q_WS_WIN
  return ((int*)(&Q_WS_WIN))[argc];
#else
  (void)argc;
  return 0;
#endif
}
Determining if the Q_WS_QWS exist failed with the following output:
Change Dir: /home/smarak/krssg/krssg-ssl/ssl-vision/CMakeFiles/CMakeTmp

Run Build Command(s):/usr/bin/make cmTC_58efc/fast && /usr/bin/make -f CMakeFiles/cmTC_58efc.dir/build.make CMakeFiles/cmTC_58efc.dir/build
make[1]: Entering directory '/home/smarak/krssg/krssg-ssl/ssl-vision/CMakeFiles/CMakeTmp'
Building CXX object CMakeFiles/cmTC_58efc.dir/CheckSymbolExists.cxx.o
/usr/bin/c++   -I/usr/include/qt4   -o CMakeFiles/cmTC_58efc.dir/CheckSymbolExists.cxx.o -c /home/smarak/krssg/krssg-ssl/ssl-vision/CMakeFiles/CMakeTmp/CheckSymbolExists.cxx
/home/smarak/krssg/krssg-ssl/ssl-vision/CMakeFiles/CMakeTmp/CheckSymbolExists.cxx: In function ‘int main(int, char**)’:
/home/smarak/krssg/krssg-ssl/ssl-vision/CMakeFiles/CMakeTmp/CheckSymbolExists.cxx:8:19: error: ‘Q_WS_QWS’ was not declared in this scope
    8 |   return ((int*)(&Q_WS_QWS))[argc];
      |                   ^~~~~~~~
make[1]: *** [CMakeFiles/cmTC_58efc.dir/build.make:66: CMakeFiles/cmTC_58efc.dir/CheckSymbolExists.cxx.o] Error 1
make[1]: Leaving directory '/home/smarak/krssg/krssg-ssl/ssl-vision/CMakeFiles/CMakeTmp'
make: *** [Makefile:121: cmTC_58efc/fast] Error 2


File /home/smarak/krssg/krssg-ssl/ssl-vision/CMakeFiles/CMakeTmp/CheckSymbolExists.cxx:
/* */
#include <QtCore/qglobal.h>

int main(int argc, char** argv)
{
  (void)argv;
#ifndef Q_WS_QWS
  return ((int*)(&Q_WS_QWS))[argc];
#else
  (void)argc;
  return 0;
#endif
}
Determining if the Q_WS_MAC exist failed with the following output:
Change Dir: /home/smarak/krssg/krssg-ssl/ssl-vision/CMakeFiles/CMakeTmp

Run Build Command(s):/usr/bin/make cmTC_16e6c/fast && /usr/bin/make -f CMakeFiles/cmTC_16e6c.dir/build.make CMakeFiles/cmTC_16e6c.dir/build
make[1]: Entering directory '/home/smarak/krssg/krssg-ssl/ssl-vision/CMakeFiles/CMakeTmp'
Building CXX object CMakeFiles/cmTC_16e6c.dir/CheckSymbolExists.cxx.o
/usr/bin/c++   -I/usr/include/qt4   -o CMakeFiles/cmTC_16e6c.dir/CheckSymbolExists.cxx.o -c /home/smarak/krssg/krssg-ssl/ssl-vision/CMakeFiles/CMakeTmp/CheckSymbolExists.cxx
/home/smarak/krssg/krssg-ssl/ssl-vision/CMakeFiles/CMakeTmp/CheckSymbolExists.cxx: In function ‘int main(int, char**)’:
/home/smarak/krssg/krssg-ssl/ssl-vision/CMakeFiles/CMakeTmp/CheckSymbolExists.cxx:8:19: error: ‘Q_WS_MAC’ was not declared in this scope
    8 |   return ((int*)(&Q_WS_MAC))[argc];
      |                   ^~~~~~~~
make[1]: *** [CMakeFiles/cmTC_16e6c.dir/build.make:66: CMakeFiles/cmTC_16e6c.dir/CheckSymbolExists.cxx.o] Error 1
make[1]: Leaving directory '/home/smarak/krssg/krssg-ssl/ssl-vision/CMakeFiles/CMakeTmp'
make: *** [Makefile:121: cmTC_16e6c/fast] Error 2


File /home/smarak/krssg/krssg-ssl/ssl-vision/CMakeFiles/CMakeTmp/CheckSymbolExists.cxx:
/* */
#include <QtCore/qglobal.h>

int main(int argc, char** argv)
{
  (void)argv;
#ifndef Q_WS_MAC
  return ((int*)(&Q_WS_MAC))[argc];
#else
  (void)argc;
  return 0;
#endif
}
Performing C SOURCE FILE Test CMAKE_HAVE_LIBC_PTHREAD failed with the following output:
Change Dir: /home/krssg/krssg/ssl-vision/CMakeFiles/CMakeTmp

Run Build Command(s):/usr/bin/make cmTC_8147a/fast && /usr/bin/make -f CMakeFiles/cmTC_8147a.dir/build.make CMakeFiles/cmTC_8147a.dir/build
make[1]: Entering directory '/home/krssg/krssg/ssl-vision/CMakeFiles/CMakeTmp'
Building C object CMakeFiles/cmTC_8147a.dir/src.c.o
/usr/bin/cc   -DCMAKE_HAVE_LIBC_PTHREAD   -o CMakeFiles/cmTC_8147a.dir/src.c.o   -c /home/krssg/krssg/ssl-vision/CMakeFiles/CMakeTmp/src.c
Linking C executable cmTC_8147a
/usr/bin/cmake -E cmake_link_script CMakeFiles/cmTC_8147a.dir/link.txt --verbose=1
/usr/bin/cc  -DCMAKE_HAVE_LIBC_PTHREAD    -rdynamic CMakeFiles/cmTC_8147a.dir/src.c.o  -o cmTC_8147a 
/usr/bin/ld: CMakeFiles/cmTC_8147a.dir/src.c.o: in function `main':
src.c:(.text+0x46): undefined reference to `pthread_create'
/usr/bin/ld: src.c:(.text+0x52): undefined reference to `pthread_detach'
/usr/bin/ld: src.c:(.text+0x63): undefined reference to `pthread_join'
collect2: error: ld returned 1 exit status
make[1]: *** [CMakeFiles/cmTC_8147a.dir/build.make:87: cmTC_8147a] Error 1
make[1]: Leaving directory '/home/krssg/krssg/ssl-vision/CMakeFiles/CMakeTmp'
make: *** [Makefile:121: cmTC_8147a/fast] Error 2


Source file was:
#include <pthread.h>

void* test_func(void* data)
{
  return data;
}

int main(void)
{
  pthread_t thread;
  pthread_create(&thread, NULL, test_func, NULL);
  pthread_detach(thread);
  pthread_join(thread, NULL);
  pthread_atfork(NULL, NULL, NULL);
  pthread_exit(NULL);

  return 0;
}

Determining if the function pthread_create exists in the pthreads failed with the following output:
Change Dir: /home/krssg/krssg/ssl-vision/CMakeFiles/CMakeTmp

Run Build Command(s):/usr/bin/make cmTC_dfc05/fast && /usr/bin/make -f CMakeFiles/cmTC_dfc05.dir/build.make CMakeFiles/cmTC_dfc05.dir/build
make[1]: Entering directory '/home/krssg/krssg/ssl-vision/CMakeFiles/CMakeTmp'
Building C object CMakeFiles/cmTC_dfc05.dir/CheckFunctionExists.c.o
/usr/bin/cc   -DCHECK_FUNCTION_EXISTS=pthread_create   -o CMakeFiles/cmTC_dfc05.dir/CheckFunctionExists.c.o   -c /usr/share/cmake-3.16/Modules/CheckFunctionExists.c
Linking C executable cmTC_dfc05
/usr/bin/cmake -E cmake_link_script CMakeFiles/cmTC_dfc05.dir/link.txt --verbose=1
/usr/bin/cc  -DCHECK_FUNCTION_EXISTS=pthread_create    -rdynamic CMakeFiles/cmTC_dfc05.dir/CheckFunctionExists.c.o  -o cmTC_dfc05  -lpthreads 
/usr/bin/ld: cannot find -lpthreads
collect2: error: ld returned 1 exit status
make[1]: *** [CMakeFiles/cmTC_dfc05.dir/build.make:87: cmTC_dfc05] Error 1
make[1]: Leaving directory '/home/krssg/krssg/ssl-vision/CMakeFiles/CMakeTmp'
make: *** [Makefile:121: cmTC_dfc05/fast] Error 2



Determining if the Q_WS_WIN exist failed with the following output:
Change Dir: /home/krssg/krssg/ssl-vision/CMakeFiles/CMakeTmp

Run Build Command(s):/usr/bin/make cmTC_32cc6/fast && /usr/bin/make -f CMakeFiles/cmTC_32cc6.dir/build.make CMakeFiles/cmTC_32cc6.dir/build
make[1]: Entering directory '/home/krssg/krssg/ssl-vision/CMakeFiles/CMakeTmp'
Building CXX object CMakeFiles/cmTC_32cc6.dir/CheckSymbolExists.cxx.o
/usr/bin/c++   -I/usr/include/qt4   -o CMakeFiles/cmTC_32cc6.dir/CheckSymbolExists.cxx.o -c /home/krssg/krssg/ssl-vision/CMakeFiles/CMakeTmp/CheckSymbolExists.cxx
/home/krssg/krssg/ssl-vision/CMakeFiles/CMakeTmp/CheckSymbolExists.cxx: In function ‘int main(int, char**)’:
/home/krssg/krssg/ssl-vision/CMakeFiles/CMakeTmp/CheckSymbolExists.cxx:8:19: error: ‘Q_WS_WIN’ was not declared in this scope
    8 |   return ((int*)(&Q_WS_WIN))[argc];
      |                   ^~~~~~~~
make[1]: *** [CMakeFiles/cmTC_32cc6.dir/build.make:66: CMakeFiles/cmTC_32cc6.dir/CheckSymbolExists.cxx.o] Error 1
make[1]: Leaving directory '/home/krssg/krssg/ssl-vision/CMakeFiles/CMakeTmp'
make: *** [Makefile:121: cmTC_32cc6/fast] Error 2


File /home/krssg/krssg/ssl-vision/CMakeFiles/CMakeTmp/CheckSymbolExists.cxx:
/* */
#include <QtCore/qglobal.h>

int main(int argc, char** argv)
{
  (void)argv;
#ifndef Q_WS_WIN
  return ((int*)(&Q_WS_WIN))[argc];
#else
  (void)argc;
  return 0;
#endif
}
Determining if the Q_WS_QWS exist failed with the following output:
Change Dir: /home/krssg/krssg/ssl-vision/CMakeFiles/CMakeTmp

Run Build Command(s):/usr/bin/make cmTC_a5815/fast && /usr/bin/make -f CMakeFiles/cmTC_a5815.dir/build.make CMakeFiles/cmTC_a5815.dir/build
make[1]: Entering directory '/home/krssg/krssg/ssl-vision/CMakeFiles/CMakeTmp'
Building CXX object CMakeFiles/cmTC_a5815.dir/CheckSymbolExists.cxx.o
/usr/bin/c++   -I/usr/include/qt4   -o CMakeFiles/cmTC_a5815.dir/CheckSymbolExists.cxx.o -c /home/krssg/krssg/ssl-vision/CMakeFiles/CMakeTmp/CheckSymbolExists.cxx
/home/krssg/krssg/ssl-vision/CMakeFiles/CMakeTmp/CheckSymbolExists.cxx: In function ‘int main(int, char**)’:
/home/krssg/krssg/ssl-vision/CMakeFiles/CMakeTmp/CheckSymbolExists.cxx:8:19: error: ‘Q_WS_QWS’ was not declared in this scope
    8 |   return ((int*)(&Q_WS_QWS))[argc];
      |                   ^~~~~~~~
make[1]: *** [CMakeFiles/cmTC_a5815.dir/build.make:66: CMakeFiles/cmTC_a5815.dir/CheckSymbolExists.cxx.o] Error 1
make[1]: Leaving directory '/home/krssg/krssg/ssl-vision/CMakeFiles/CMakeTmp'
make: *** [Makefile:121: cmTC_a5815/fast] Error 2


File /home/krssg/krssg/ssl-vision/CMakeFiles/CMakeTmp/CheckSymbolExists.cxx:
/* */
#include <QtCore/qglobal.h>

int main(int argc, char** argv)
{
  (void)argv;
#ifndef Q_WS_QWS
  return ((int*)(&Q_WS_QWS))[argc];
#else
  (void)argc;
  return 0;
#endif
}
Determining if the Q_WS_MAC exist failed with the following output:
Change Dir: /home/krssg/krssg/ssl-vision/CMakeFiles/CMakeTmp

Run Build Command(s):/usr/bin/make cmTC_0ef52/fast && /usr/bin/make -f CMakeFiles/cmTC_0ef52.dir/build.make CMakeFiles/cmTC_0ef52.dir/build
make[1]: Entering directory '/home/krssg/krssg/ssl-vision/CMakeFiles/CMakeTmp'
Building CXX object CMakeFiles/cmTC_0ef52.dir/CheckSymbolExists.cxx.o
/usr/bin/c++   -I/usr/include/qt4   -o CMakeFiles/cmTC_0ef52.dir/CheckSymbolExists.cxx.o -c /home/krssg/krssg/ssl-vision/CMakeFiles/CMakeTmp/CheckSymbolExists.cxx
/home/krssg/krssg/ssl-vision/CMakeFiles/CMakeTmp/CheckSymbolExists.cxx: In function ‘int main(int, char**)’:
/home/krssg/krssg/ssl-vision/CMakeFiles/CMakeTmp/CheckSymbolExists.cxx:8:19: error: ‘Q_WS_MAC’ was not declared in this scope
    8 |   return ((int*)(&Q_WS_MAC))[argc];
      |                   ^~~~~~~~
make[1]: *** [CMakeFiles/cmTC_0ef52.dir/build.make:66: CMakeFiles/cmTC_0ef52.dir/CheckSymbolExists.cxx.o] Error 1
make[1]: Leaving directory '/home/krssg/krssg/ssl-vision/CMakeFiles/CMakeTmp'
make: *** [Makefile:121: cmTC_0ef52/fast] Error 2


File /home/krssg/krssg/ssl-vision/CMakeFiles/CMakeTmp/CheckSymbolExists.cxx:
/* */
#include <QtCore/qglobal.h>

int main(int argc, char** argv)
{
  (void)argv;
#ifndef Q_WS_MAC
  return ((int*)(&Q_WS_MAC))[argc];
#else
  (void)argc;
  return 0;
#endif
}
Performing C SOURCE FILE Test CMAKE_HAVE_LIBC_PTHREAD failed with the following output:
Change Dir: /home/krssg/krssg/ssl-vision/CMakeFiles/CMakeTmp

Run Build Command(s):/usr/bin/make cmTC_ecf0c/fast && /usr/bin/make -f CMakeFiles/cmTC_ecf0c.dir/build.make CMakeFiles/cmTC_ecf0c.dir/build
make[1]: Entering directory '/home/krssg/krssg/ssl-vision/CMakeFiles/CMakeTmp'
Building C object CMakeFiles/cmTC_ecf0c.dir/src.c.o
/usr/bin/cc   -DCMAKE_HAVE_LIBC_PTHREAD   -o CMakeFiles/cmTC_ecf0c.dir/src.c.o   -c /home/krssg/krssg/ssl-vision/CMakeFiles/CMakeTmp/src.c
Linking C executable cmTC_ecf0c
/usr/bin/cmake -E cmake_link_script CMakeFiles/cmTC_ecf0c.dir/link.txt --verbose=1
/usr/bin/cc  -DCMAKE_HAVE_LIBC_PTHREAD    -rdynamic CMakeFiles/cmTC_ecf0c.dir/src.c.o  -o cmTC_ecf0c 
/usr/bin/ld: CMakeFiles/cmTC_ecf0c.dir/src.c.o: in function `main':
src.c:(.text+0x46): undefined reference to `pthread_create'
/usr/bin/ld: src.c:(.text+0x52): undefined reference to `pthread_detach'
/usr/bin/ld: src.c:(.text+0x63): undefined reference to `pthread_join'
collect2: error: ld returned 1 exit status
make[1]: *** [CMakeFiles/cmTC_ecf0c.dir/build.make:87: cmTC_ecf0c] Error 1
make[1]: Leaving directory '/home/krssg/krssg/ssl-vision/CMakeFiles/CMakeTmp'
make: *** [Makefile:121: cmTC_ecf0c/fast] Error 2


Source file was:
#include <pthread.h>

void* test_func(void* data)
{
  return data;
}

int main(void)
{
  pthread_t thread;
  pthread_create(&thread, NULL, test_func, NULL);
  pthread_detach(thread);
  pthread_join(thread, NULL);
  pthread_atfork(NULL, NULL, NULL);
  pthread_exit(NULL);

  return 0;
}

Determining if the function pthread_create exists in the pthreads failed with the following output:
Change Dir: /home/krssg/krssg/ssl-vision/CMakeFiles/CMakeTmp

Run Build Command(s):/usr/bin/make cmTC_17300/fast && /usr/bin/make -f CMakeFiles/cmTC_17300.dir/build.make CMakeFiles/cmTC_17300.dir/build
make[1]: Entering directory '/home/krssg/krssg/ssl-vision/CMakeFiles/CMakeTmp'
Building C object CMakeFiles/cmTC_17300.dir/CheckFunctionExists.c.o
/usr/bin/cc   -DCHECK_FUNCTION_EXISTS=pthread_create   -o CMakeFiles/cmTC_17300.dir/CheckFunctionExists.c.o   -c /usr/share/cmake-3.16/Modules/CheckFunctionExists.c
Linking C executable cmTC_17300
/usr/bin/cmake -E cmake_link_script CMakeFiles/cmTC_17300.dir/link.txt --verbose=1
/usr/bin/cc  -DCHECK_FUNCTION_EXISTS=pthread_create    -rdynamic CMakeFiles/cmTC_17300.dir/CheckFunctionExists.c.o  -o cmTC_17300  -lpthreads 
/usr/bin/ld: cannot find -lpthreads
collect2: error: ld returned 1 exit status
make[1]: *** [CMakeFiles/cmTC_17300.dir/build.make:87: cmTC_17300] Error 1
make[1]: Leaving directory '/home/krssg/krssg/ssl-vision/CMakeFiles/CMakeTmp'
make: *** [Makefile:121: cmTC_17300/fast] Error 2



Determining if the Q_WS_WIN exist failed with the following output:
Change Dir: /home/krssg/krssg/ssl-vision/CMakeFiles/CMakeTmp

Run Build Command(s):/usr/bin/make cmTC_6079b/fast && /usr/bin/make -f CMakeFiles/cmTC_6079b.dir/build.make CMakeFiles/cmTC_6079b.dir/build
make[1]: Entering directory '/home/krssg/krssg/ssl-vision/CMakeFiles/CMakeTmp'
Building CXX object CMakeFiles/cmTC_6079b.dir/CheckSymbolExists.cxx.o
/usr/bin/c++   -I/usr/include/qt4   -o CMakeFiles/cmTC_6079b.dir/CheckSymbolExists.cxx.o -c /home/krssg/krssg/ssl-vision/CMakeFiles/CMakeTmp/CheckSymbolExists.cxx
/home/krssg/krssg/ssl-vision/CMakeFiles/CMakeTmp/CheckSymbolExists.cxx: In function ‘int main(int, char**)’:
/home/krssg/krssg/ssl-vision/CMakeFiles/CMakeTmp/CheckSymbolExists.cxx:8:19: error: ‘Q_WS_WIN’ was not declared in this scope
    8 |   return ((int*)(&Q_WS_WIN))[argc];
      |                   ^~~~~~~~
make[1]: *** [CMakeFiles/cmTC_6079b.dir/build.make:66: CMakeFiles/cmTC_6079b.dir/CheckSymbolExists.cxx.o] Error 1
make[1]: Leaving directory '/home/krssg/krssg/ssl-vision/CMakeFiles/CMakeTmp'
make: *** [Makefile:121: cmTC_6079b/fast] Error 2


File /home/krssg/krssg/ssl-vision/CMakeFiles/CMakeTmp/CheckSymbolExists.cxx:
/* */
#include <QtCore/qglobal.h>

int main(int argc, char** argv)
{
  (void)argv;
#ifndef Q_WS_WIN
  return ((int*)(&Q_WS_WIN))[argc];
#else
  (void)argc;
  return 0;
#endif
}
Determining if the Q_WS_QWS exist failed with the following output:
Change Dir: /home/krssg/krssg/ssl-vision/CMakeFiles/CMakeTmp

Run Build Command(s):/usr/bin/make cmTC_8258f/fast && /usr/bin/make -f CMakeFiles/cmTC_8258f.dir/build.make CMakeFiles/cmTC_8258f.dir/build
make[1]: Entering directory '/home/krssg/krssg/ssl-vision/CMakeFiles/CMakeTmp'
Building CXX object CMakeFiles/cmTC_8258f.dir/CheckSymbolExists.cxx.o
/usr/bin/c++   -I/usr/include/qt4   -o CMakeFiles/cmTC_8258f.dir/CheckSymbolExists.cxx.o -c /home/krssg/krssg/ssl-vision/CMakeFiles/CMakeTmp/CheckSymbolExists.cxx
/home/krssg/krssg/ssl-vision/CMakeFiles/CMakeTmp/CheckSymbolExists.cxx: In function ‘int main(int, char**)’:
/home/krssg/krssg/ssl-vision/CMakeFiles/CMakeTmp/CheckSymbolExists.cxx:8:19: error: ‘Q_WS_QWS’ was not declared in this scope
    8 |   return ((int*)(&Q_WS_QWS))[argc];
      |                   ^~~~~~~~
make[1]: *** [CMakeFiles/cmTC_8258f.dir/build.make:66: CMakeFiles/cmTC_8258f.dir/CheckSymbolExists.cxx.o] Error 1
make[1]: Leaving directory '/home/krssg/krssg/ssl-vision/CMakeFiles/CMakeTmp'
make: *** [Makefile:121: cmTC_8258f/fast] Error 2


File /home/krssg/krssg/ssl-vision/CMakeFiles/CMakeTmp/CheckSymbolExists.cxx:
/* */
#include <QtCore/qglobal.h>

int main(int argc, char** argv)
{
  (void)argv;
#ifndef Q_WS_QWS
  return ((int*)(&Q_WS_QWS))[argc];
#else
  (void)argc;
  return 0;
#endif
}
Determining if the Q_WS_MAC exist failed with the following output:
Change Dir: /home/krssg/krssg/ssl-vision/CMakeFiles/CMakeTmp

Run Build Command(s):/usr/bin/make cmTC_e6cae/fast && /usr/bin/make -f CMakeFiles/cmTC_e6cae.dir/build.make CMakeFiles/cmTC_e6cae.dir/build
make[1]: Entering directory '/home/krssg/krssg/ssl-vision/CMakeFiles/CMakeTmp'
Building CXX object CMakeFiles/cmTC_e6cae.dir/CheckSymbolExists.cxx.o
/usr/bin/c++   -I/usr/include/qt4   -o CMakeFiles/cmTC_e6cae.dir/CheckSymbolExists.cxx.o -c /home/krssg/krssg/ssl-vision/CMakeFiles/CMakeTmp/CheckSymbolExists.cxx
/home/krssg/krssg/ssl-vision/CMakeFiles/CMakeTmp/CheckSymbolExists.cxx: In function ‘int main(int, char**)’:
/home/krssg/krssg/ssl-vision/CMakeFiles/CMakeTmp/CheckSymbolExists.cxx:8:19: error: ‘Q_WS_MAC’ was not declared in this scope
    8 |   return ((int*)(&Q_WS_MAC))[argc];
      |                   ^~~~~~~~
make[1]: *** [CMakeFiles/cmTC_e6cae.dir/build.make:66: CMakeFiles/cmTC_e6cae.dir/CheckSymbolExists.cxx.o] Error 1
make[1]: Leaving directory '/home/krssg/krssg/ssl-vision/CMakeFiles/CMakeTmp'
make: *** [Makefile:121: cmTC_e6cae/fast] Error 2


File /home/krssg/krssg/ssl-vision/CMakeFiles/CMakeTmp/CheckSymbolExists.cxx:
/* */
#include <QtCore/qglobal.h>

int main(int argc, char** argv)
{
  (void)argv;
#ifndef Q_WS_MAC
  return ((int*)(&Q_WS_MAC))[argc];
#else
  (void)argc;
  return 0;
#endif
}
Performing C SOURCE FILE Test CMAKE_HAVE_LIBC_PTHREAD failed with the following output:
Change Dir: /home/krssg/krssg/ssl-vision/CMakeFiles/CMakeTmp

Run Build Command(s):/usr/bin/make cmTC_f62ba/fast && /usr/bin/make -f CMakeFiles/cmTC_f62ba.dir/build.make CMakeFiles/cmTC_f62ba.dir/build
make[1]: Entering directory '/home/krssg/krssg/ssl-vision/CMakeFiles/CMakeTmp'
Building C object CMakeFiles/cmTC_f62ba.dir/src.c.o
/usr/bin/cc   -DCMAKE_HAVE_LIBC_PTHREAD   -o CMakeFiles/cmTC_f62ba.dir/src.c.o   -c /home/krssg/krssg/ssl-vision/CMakeFiles/CMakeTmp/src.c
Linking C executable cmTC_f62ba
/usr/bin/cmake -E cmake_link_script CMakeFiles/cmTC_f62ba.dir/link.txt --verbose=1
/usr/bin/cc  -DCMAKE_HAVE_LIBC_PTHREAD    -rdynamic CMakeFiles/cmTC_f62ba.dir/src.c.o  -o cmTC_f62ba 
/usr/bin/ld: CMakeFiles/cmTC_f62ba.dir/src.c.o: in function `main':
src.c:(.text+0x46): undefined reference to `pthread_create'
/usr/bin/ld: src.c:(.text+0x52): undefined reference to `pthread_detach'
/usr/bin/ld: src.c:(.text+0x63): undefined reference to `pthread_join'
collect2: error: ld returned 1 exit status
make[1]: *** [CMakeFiles/cmTC_f62ba.dir/build.make:87: cmTC_f62ba] Error 1
make[1]: Leaving directory '/home/krssg/krssg/ssl-vision/CMakeFiles/CMakeTmp'
make: *** [Makefile:121: cmTC_f62ba/fast] Error 2


Source file was:
#include <pthread.h>

void* test_func(void* data)
{
  return data;
}

int main(void)
{
  pthread_t thread;
  pthread_create(&thread, NULL, test_func, NULL);
  pthread_detach(thread);
  pthread_join(thread, NULL);
  pthread_atfork(NULL, NULL, NULL);
  pthread_exit(NULL);

  return 0;
}

Determining if the function pthread_create exists in the pthreads failed with the following output:
Change Dir: /home/krssg/krssg/ssl-vision/CMakeFiles/CMakeTmp

Run Build Command(s):/usr/bin/make cmTC_e95bd/fast && /usr/bin/make -f CMakeFiles/cmTC_e95bd.dir/build.make CMakeFiles/cmTC_e95bd.dir/build
make[1]: Entering directory '/home/krssg/krssg/ssl-vision/CMakeFiles/CMakeTmp'
Building C object CMakeFiles/cmTC_e95bd.dir/CheckFunctionExists.c.o
/usr/bin/cc   -DCHECK_FUNCTION_EXISTS=pthread_create   -o CMakeFiles/cmTC_e95bd.dir/CheckFunctionExists.c.o   -c /usr/share/cmake-3.16/Modules/CheckFunctionExists.c
Linking C executable cmTC_e95bd
/usr/bin/cmake -E cmake_link_script CMakeFiles/cmTC_e95bd.dir/link.txt --verbose=1
/usr/bin/cc  -DCHECK_FUNCTION_EXISTS=pthread_create    -rdynamic CMakeFiles/cmTC_e95bd.dir/CheckFunctionExists.c.o  -o cmTC_e95bd  -lpthreads 
/usr/bin/ld: cannot find -lpthreads
collect2: error: ld returned 1 exit status
make[1]: *** [CMakeFiles/cmTC_e95bd.dir/build.make:87: cmTC_e95bd] Error 1
make[1]: Leaving directory '/home/krssg/krssg/ssl-vision/CMakeFiles/CMakeTmp'
make: *** [Makefile:121: cmTC_e95bd/fast] Error 2



Determining if the Q_WS_WIN exist failed with the following output:
Change Dir: /home/krssg/krssg/ssl-vision/CMakeFiles/CMakeTmp

Run Build Command(s):/usr/bin/make cmTC_bda7f/fast && /usr/bin/make -f CMakeFiles/cmTC_bda7f.dir/build.make CMakeFiles/cmTC_bda7f.dir/build
make[1]: Entering directory '/home/krssg/krssg/ssl-vision/CMakeFiles/CMakeTmp'
Building CXX object CMakeFiles/cmTC_bda7f.dir/CheckSymbolExists.cxx.o
/usr/bin/c++   -I/usr/include/qt4   -o CMakeFiles/cmTC_bda7f.dir/CheckSymbolExists.cxx.o -c /home/krssg/krssg/ssl-vision/CMakeFiles/CMakeTmp/CheckSymbolExists.cxx
/home/krssg/krssg/ssl-vision/CMakeFiles/CMakeTmp/CheckSymbolExists.cxx: In function ‘int main(int, char**)’:
/home/krssg/krssg/ssl-vision/CMakeFiles/CMakeTmp/CheckSymbolExists.cxx:8:19: error: ‘Q_WS_WIN’ was not declared in this scope
    8 |   return ((int*)(&Q_WS_WIN))[argc];
      |                   ^~~~~~~~
make[1]: *** [CMakeFiles/cmTC_bda7f.dir/build.make:66: CMakeFiles/cmTC_bda7f.dir/CheckSymbolExists.cxx.o] Error 1
make[1]: Leaving directory '/home/krssg/krssg/ssl-vision/CMakeFiles/CMakeTmp'
make: *** [Makefile:121: cmTC_bda7f/fast] Error 2


File /home/krssg/krssg/ssl-vision/CMakeFiles/CMakeTmp/CheckSymbolExists.cxx:
/* */
#include <QtCore/qglobal.h>

int main(int argc, char** argv)
{
  (void)argv;
#ifndef Q_WS_WIN
  return ((int*)(&Q_WS_WIN))[argc];
#else
  (void)argc;
  return 0;
#endif
}
Determining if the Q_WS_QWS exist failed with the following output:
Change Dir: /home/krssg/krssg/ssl-vision/CMakeFiles/CMakeTmp

Run Build Command(s):/usr/bin/make cmTC_ccc3e/fast && /usr/bin/make -f CMakeFiles/cmTC_ccc3e.dir/build.make CMakeFiles/cmTC_ccc3e.dir/build
make[1]: Entering directory '/home/krssg/krssg/ssl-vision/CMakeFiles/CMakeTmp'
Building CXX object CMakeFiles/cmTC_ccc3e.dir/CheckSymbolExists.cxx.o
/usr/bin/c++   -I/usr/include/qt4   -o CMakeFiles/cmTC_ccc3e.dir/CheckSymbolExists.cxx.o -c /home/krssg/krssg/ssl-vision/CMakeFiles/CMakeTmp/CheckSymbolExists.cxx
/home/krssg/krssg/ssl-vision/CMakeFiles/CMakeTmp/CheckSymbolExists.cxx: In function ‘int main(int, char**)’:
/home/krssg/krssg/ssl-vision/CMakeFiles/CMakeTmp/CheckSymbolExists.cxx:8:19: error: ‘Q_WS_QWS’ was not declared in this scope
    8 |   return ((int*)(&Q_WS_QWS))[argc];
      |                   ^~~~~~~~
make[1]: *** [CMakeFiles/cmTC_ccc3e.dir/build.make:66: CMakeFiles/cmTC_ccc3e.dir/CheckSymbolExists.cxx.o] Error 1
make[1]: Leaving directory '/home/krssg/krssg/ssl-vision/CMakeFiles/CMakeTmp'
make: *** [Makefile:121: cmTC_ccc3e/fast] Error 2


File /home/krssg/krssg/ssl-vision/CMakeFiles/CMakeTmp/CheckSymbolExists.cxx:
/* */
#include <QtCore/qglobal.h>

int main(int argc, char** argv)
{
  (void)argv;
#ifndef Q_WS_QWS
  return ((int*)(&Q_WS_QWS))[argc];
#else
  (void)argc;
  return 0;
#endif
}
Determining if the Q_WS_MAC exist failed with the following output:
Change Dir: /home/krssg/krssg/ssl-vision/CMakeFiles/CMakeTmp

Run Build Command(s):/usr/bin/make cmTC_fc9c0/fast && /usr/bin/make -f CMakeFiles/cmTC_fc9c0.dir/build.make CMakeFiles/cmTC_fc9c0.dir/build
make[1]: Entering directory '/home/krssg/krssg/ssl-vision/CMakeFiles/CMakeTmp'
Building CXX object CMakeFiles/cmTC_fc9c0.dir/CheckSymbolExists.cxx.o
/usr/bin/c++   -I/usr/include/qt4   -o CMakeFiles/cmTC_fc9c0.dir/CheckSymbolExists.cxx.o -c /home/krssg/krssg/ssl-vision/CMakeFiles/CMakeTmp/CheckSymbolExists.cxx
/home/krssg/krssg/ssl-vision/CMakeFiles/CMakeTmp/CheckSymbolExists.cxx: In function ‘int main(int, char**)’:
/home/krssg/krssg/ssl-vision/CMakeFiles/CMakeTmp/CheckSymbolExists.cxx:8:19: error: ‘Q_WS_MAC’ was not declared in this scope
    8 |   return ((int*)(&Q_WS_MAC))[argc];
      |                   ^~~~~~~~
make[1]: *** [CMakeFiles/cmTC_fc9c0.dir/build.make:66: CMakeFiles/cmTC_fc9c0.dir/CheckSymbolExists.cxx.o] Error 1
make[1]: Leaving directory '/home/krssg/krssg/ssl-vision/CMakeFiles/CMakeTmp'
make: *** [Makefile:121: cmTC_fc9c0/fast] Error 2


File /home/krssg/krssg/ssl-vision/CMakeFiles/CMakeTmp/CheckSymbolExists.cxx:
/* */
#include <QtCore/qglobal.h>

int main(int argc, char** argv)
{
  (void)argv;
#ifndef Q_WS_MAC
  return ((int*)(&Q_WS_MAC))[argc];
#else
  (void)argc;
  return 0;
#endif
}
Performing C SOURCE FILE Test CMAKE_HAVE_LIBC_PTHREAD failed with the following output:
Change Dir: /home/krssg/krssg/ssl-vision/CMakeFiles/CMakeTmp

Run Build Command(s):/usr/bin/make cmTC_2dd61/fast && /usr/bin/make -f CMakeFiles/cmTC_2dd61.dir/build.make CMakeFiles/cmTC_2dd61.dir/build
make[1]: Entering directory '/home/krssg/krssg/ssl-vision/CMakeFiles/CMakeTmp'
Building C object CMakeFiles/cmTC_2dd61.dir/src.c.o
/usr/bin/cc   -DCMAKE_HAVE_LIBC_PTHREAD   -o CMakeFiles/cmTC_2dd61.dir/src.c.o   -c /home/krssg/krssg/ssl-vision/CMakeFiles/CMakeTmp/src.c
Linking C executable cmTC_2dd61
/usr/bin/cmake -E cmake_link_script CMakeFiles/cmTC_2dd61.dir/link.txt --verbose=1
/usr/bin/cc  -DCMAKE_HAVE_LIBC_PTHREAD    -rdynamic CMakeFiles/cmTC_2dd61.dir/src.c.o  -o cmTC_2dd61 
/usr/bin/ld: CMakeFiles/cmTC_2dd61.dir/src.c.o: in function `main':
src.c:(.text+0x46): undefined reference to `pthread_create'
/usr/bin/ld: src.c:(.text+0x52): undefined reference to `pthread_detach'
/usr/bin/ld: src.c:(.text+0x63): undefined reference to `pthread_join'
collect2: error: ld returned 1 exit status
make[1]: *** [CMakeFiles/cmTC_2dd61.dir/build.make:87: cmTC_2dd61] Error 1
make[1]: Leaving directory '/home/krssg/krssg/ssl-vision/CMakeFiles/CMakeTmp'
make: *** [Makefile:121: cmTC_2dd61/fast] Error 2


Source file was:
#include <pthread.h>

void* test_func(void* data)
{
  return data;
}

int main(void)
{
  pthread_t thread;
  pthread_create(&thread, NULL, test_func, NULL);
  pthread_detach(thread);
  pthread_join(thread, NULL);
  pthread_atfork(NULL, NULL, NULL);
  pthread_exit(NULL);

  return 0;
}

Determining if the function pthread_create exists in the pthreads failed with the following output:
Change Dir: /home/krssg/krssg/ssl-vision/CMakeFiles/CMakeTmp

Run Build Command(s):/usr/bin/make cmTC_19103/fast && /usr/bin/make -f CMakeFiles/cmTC_19103.dir/build.make CMakeFiles/cmTC_19103.dir/build
make[1]: Entering directory '/home/krssg/krssg/ssl-vision/CMakeFiles/CMakeTmp'
Building C object CMakeFiles/cmTC_19103.dir/CheckFunctionExists.c.o
/usr/bin/cc   -DCHECK_FUNCTION_EXISTS=pthread_create   -o CMakeFiles/cmTC_19103.dir/CheckFunctionExists.c.o   -c /usr/share/cmake-3.16/Modules/CheckFunctionExists.c
Linking C executable cmTC_19103
/usr/bin/cmake -E cmake_link_script CMakeFiles/cmTC_19103.dir/link.txt --verbose=1
/usr/bin/cc  -DCHECK_FUNCTION_EXISTS=pthread_create    -rdynamic CMakeFiles/cmTC_19103.dir/CheckFunctionExists.c.o  -o cmTC_19103  -lpthreads 
/usr/bin/ld: cannot find -lpthreads
collect2: error: ld returned 1 exit status
make[1]: *** [CMakeFiles/cmTC_19103.dir/build.make:87: cmTC_19103] Error 1
make[1]: Leaving directory '/home/krssg/krssg/ssl-vision/CMakeFiles/CMakeTmp'
make: *** [Makefile:121: cmTC_19103/fast] Error 2



Determining if the Q_WS_WIN exist failed with the following output:
Change Dir: /home/krssg/krssg/ssl-vision/CMakeFiles/CMakeTmp

Run Build Command(s):/usr/bin/make cmTC_0132d/fast && /usr/bin/make -f CMakeFiles/cmTC_0132d.dir/build.make CMakeFiles/cmTC_0132d.dir/build
make[1]: Entering directory '/home/krssg/krssg/ssl-vision/CMakeFiles/CMakeTmp'
Building CXX object CMakeFiles/cmTC_0132d.dir/CheckSymbolExists.cxx.o
/usr/bin/c++   -I/usr/include/qt4   -o CMakeFiles/cmTC_0132d.dir/CheckSymbolExists.cxx.o -c /home/krssg/krssg/ssl-vision/CMakeFiles/CMakeTmp/CheckSymbolExists.cxx
/home/krssg/krssg/ssl-vision/CMakeFiles/CMakeTmp/CheckSymbolExists.cxx: In function ‘int main(int, char**)’:
/home/krssg/krssg/ssl-vision/CMakeFiles/CMakeTmp/CheckSymbolExists.cxx:8:19: error: ‘Q_WS_WIN’ was not declared in this scope
    8 |   return ((int*)(&Q_WS_WIN))[argc];
      |                   ^~~~~~~~
make[1]: *** [CMakeFiles/cmTC_0132d.dir/build.make:66: CMakeFiles/cmTC_0132d.dir/CheckSymbolExists.cxx.o] Error 1
make[1]: Leaving directory '/home/krssg/krssg/ssl-vision/CMakeFiles/CMakeTmp'
make: *** [Makefile:121: cmTC_0132d/fast] Error 2


File /home/krssg/krssg/ssl-vision/CMakeFiles/CMakeTmp/CheckSymbolExists.cxx:
/* */
#include <QtCore/qglobal.h>

int main(int argc, char** argv)
{
  (void)argv;
#ifndef Q_WS_WIN
  return ((int*)(&Q_WS_WIN))[argc];
#else
  (void)argc;
  return 0;
#endif
}
Determining if the Q_WS_QWS exist failed with the following output:
Change Dir: /home/krssg/krssg/ssl-vision/CMakeFiles/CMakeTmp

Run Build Command(s):/usr/bin/make cmTC_942a7/fast && /usr/bin/make -f CMakeFiles/cmTC_942a7.dir/build.make CMakeFiles/cmTC_942a7.dir/build
make[1]: Entering directory '/home/krssg/krssg/ssl-vision/CMakeFiles/CMakeTmp'
Building CXX object CMakeFiles/cmTC_942a7.dir/CheckSymbolExists.cxx.o
/usr/bin/c++   -I/usr/include/qt4   -o CMakeFiles/cmTC_942a7.dir/CheckSymbolExists.cxx.o -c /home/krssg/krssg/ssl-vision/CMakeFiles/CMakeTmp/CheckSymbolExists.cxx
/home/krssg/krssg/ssl-vision/CMakeFiles/CMakeTmp/CheckSymbolExists.cxx: In function ‘int main(int, char**)’:
/home/krssg/krssg/ssl-vision/CMakeFiles/CMakeTmp/CheckSymbolExists.cxx:8:19: error: ‘Q_WS_QWS’ was not declared in this scope
    8 |   return ((int*)(&Q_WS_QWS))[argc];
      |                   ^~~~~~~~
make[1]: *** [CMakeFiles/cmTC_942a7.dir/build.make:66: CMakeFiles/cmTC_942a7.dir/CheckSymbolExists.cxx.o] Error 1
make[1]: Leaving directory '/home/krssg/krssg/ssl-vision/CMakeFiles/CMakeTmp'
make: *** [Makefile:121: cmTC_942a7/fast] Error 2


File /home/krssg/krssg/ssl-vision/CMakeFiles/CMakeTmp/CheckSymbolExists.cxx:
/* */
#include <QtCore/qglobal.h>

int main(int argc, char** argv)
{
  (void)argv;
#ifndef Q_WS_QWS
  return ((int*)(&Q_WS_QWS))[argc];
#else
  (void)argc;
  return 0;
#endif
}
Determining if the Q_WS_MAC exist failed with the following output:
Change Dir: /home/krssg/krssg/ssl-vision/CMakeFiles/CMakeTmp

Run Build Command(s):/usr/bin/make cmTC_5fd63/fast && /usr/bin/make -f CMakeFiles/cmTC_5fd63.dir/build.make CMakeFiles/cmTC_5fd63.dir/build
make[1]: Entering directory '/home/krssg/krssg/ssl-vision/CMakeFiles/CMakeTmp'
Building CXX object CMakeFiles/cmTC_5fd63.dir/CheckSymbolExists.cxx.o
/usr/bin/c++   -I/usr/include/qt4   -o CMakeFiles/cmTC_5fd63.dir/CheckSymbolExists.cxx.o -c /home/krssg/krssg/ssl-vision/CMakeFiles/CMakeTmp/CheckSymbolExists.cxx
/home/krssg/krssg/ssl-vision/CMakeFiles/CMakeTmp/CheckSymbolExists.cxx: In function ‘int main(int, char**)’:
/home/krssg/krssg/ssl-vision/CMakeFiles/CMakeTmp/CheckSymbolExists.cxx:8:19: error: ‘Q_WS_MAC’ was not declared in this scope
    8 |   return ((int*)(&Q_WS_MAC))[argc];
      |                   ^~~~~~~~
make[1]: *** [CMakeFiles/cmTC_5fd63.dir/build.make:66: CMakeFiles/cmTC_5fd63.dir/CheckSymbolExists.cxx.o] Error 1
make[1]: Leaving directory '/home/krssg/krssg/ssl-vision/CMakeFiles/CMakeTmp'
make: *** [Makefile:121: cmTC_5fd63/fast] Error 2


File /home/krssg/krssg/ssl-vision/CMakeFiles/CMakeTmp/CheckSymbolExists.cxx:
/* */
#include <QtCore/qglobal.h>

int main(int argc, char** argv)
{
  (void)argv;
#ifndef Q_WS_MAC
  return ((int*)(&Q_WS_MAC))[argc];
#else
  (void)argc;
  return 0;
#endif
}
Performing C SOURCE FILE Test CMAKE_HAVE_LIBC_PTHREAD failed with the following output:
Change Dir: /home/krssg/krssg/ssl-vision/CMakeFiles/CMakeTmp

Run Build Command(s):/usr/bin/make cmTC_d28d1/fast && /usr/bin/make -f CMakeFiles/cmTC_d28d1.dir/build.make CMakeFiles/cmTC_d28d1.dir/build
make[1]: Entering directory '/home/krssg/krssg/ssl-vision/CMakeFiles/CMakeTmp'
Building C object CMakeFiles/cmTC_d28d1.dir/src.c.o
/usr/bin/cc   -DCMAKE_HAVE_LIBC_PTHREAD   -o CMakeFiles/cmTC_d28d1.dir/src.c.o   -c /home/krssg/krssg/ssl-vision/CMakeFiles/CMakeTmp/src.c
Linking C executable cmTC_d28d1
/usr/bin/cmake -E cmake_link_script CMakeFiles/cmTC_d28d1.dir/link.txt --verbose=1
/usr/bin/cc  -DCMAKE_HAVE_LIBC_PTHREAD    -rdynamic CMakeFiles/cmTC_d28d1.dir/src.c.o  -o cmTC_d28d1 
/usr/bin/ld: CMakeFiles/cmTC_d28d1.dir/src.c.o: in function `main':
src.c:(.text+0x46): undefined reference to `pthread_create'
/usr/bin/ld: src.c:(.text+0x52): undefined reference to `pthread_detach'
/usr/bin/ld: src.c:(.text+0x63): undefined reference to `pthread_join'
collect2: error: ld returned 1 exit status
make[1]: *** [CMakeFiles/cmTC_d28d1.dir/build.make:87: cmTC_d28d1] Error 1
make[1]: Leaving directory '/home/krssg/krssg/ssl-vision/CMakeFiles/CMakeTmp'
make: *** [Makefile:121: cmTC_d28d1/fast] Error 2


Source file was:
#include <pthread.h>

void* test_func(void* data)
{
  return data;
}

int main(void)
{
  pthread_t thread;
  pthread_create(&thread, NULL, test_func, NULL);
  pthread_detach(thread);
  pthread_join(thread, NULL);
  pthread_atfork(NULL, NULL, NULL);
  pthread_exit(NULL);

  return 0;
}

Determining if the function pthread_create exists in the pthreads failed with the following output:
Change Dir: /home/krssg/krssg/ssl-vision/CMakeFiles/CMakeTmp

Run Build Command(s):/usr/bin/make cmTC_33d81/fast && /usr/bin/make -f CMakeFiles/cmTC_33d81.dir/build.make CMakeFiles/cmTC_33d81.dir/build
make[1]: Entering directory '/home/krssg/krssg/ssl-vision/CMakeFiles/CMakeTmp'
Building C object CMakeFiles/cmTC_33d81.dir/CheckFunctionExists.c.o
/usr/bin/cc   -DCHECK_FUNCTION_EXISTS=pthread_create   -o CMakeFiles/cmTC_33d81.dir/CheckFunctionExists.c.o   -c /usr/share/cmake-3.16/Modules/CheckFunctionExists.c
Linking C executable cmTC_33d81
/usr/bin/cmake -E cmake_link_script CMakeFiles/cmTC_33d81.dir/link.txt --verbose=1
/usr/bin/cc  -DCHECK_FUNCTION_EXISTS=pthread_create    -rdynamic CMakeFiles/cmTC_33d81.dir/CheckFunctionExists.c.o  -o cmTC_33d81  -lpthreads 
/usr/bin/ld: cannot find -lpthreads
collect2: error: ld returned 1 exit status
make[1]: *** [CMakeFiles/cmTC_33d81.dir/build.make:87: cmTC_33d81] Error 1
make[1]: Leaving directory '/home/krssg/krssg/ssl-vision/CMakeFiles/CMakeTmp'
make: *** [Makefile:121: cmTC_33d81/fast] Error 2



Determining if the Q_WS_WIN exist failed with the following output:
Change Dir: /home/krssg/krssg/ssl-vision/CMakeFiles/CMakeTmp

Run Build Command(s):/usr/bin/make cmTC_87a18/fast && /usr/bin/make -f CMakeFiles/cmTC_87a18.dir/build.make CMakeFiles/cmTC_87a18.dir/build
make[1]: Entering directory '/home/krssg/krssg/ssl-vision/CMakeFiles/CMakeTmp'
Building CXX object CMakeFiles/cmTC_87a18.dir/CheckSymbolExists.cxx.o
/usr/bin/c++   -I/usr/include/qt4   -o CMakeFiles/cmTC_87a18.dir/CheckSymbolExists.cxx.o -c /home/krssg/krssg/ssl-vision/CMakeFiles/CMakeTmp/CheckSymbolExists.cxx
/home/krssg/krssg/ssl-vision/CMakeFiles/CMakeTmp/CheckSymbolExists.cxx: In function ‘int main(int, char**)’:
/home/krssg/krssg/ssl-vision/CMakeFiles/CMakeTmp/CheckSymbolExists.cxx:8:19: error: ‘Q_WS_WIN’ was not declared in this scope
    8 |   return ((int*)(&Q_WS_WIN))[argc];
      |                   ^~~~~~~~
make[1]: *** [CMakeFiles/cmTC_87a18.dir/build.make:66: CMakeFiles/cmTC_87a18.dir/CheckSymbolExists.cxx.o] Error 1
make[1]: Leaving directory '/home/krssg/krssg/ssl-vision/CMakeFiles/CMakeTmp'
make: *** [Makefile:121: cmTC_87a18/fast] Error 2


File /home/krssg/krssg/ssl-vision/CMakeFiles/CMakeTmp/CheckSymbolExists.cxx:
/* */
#include <QtCore/qglobal.h>

int main(int argc, char** argv)
{
  (void)argv;
#ifndef Q_WS_WIN
  return ((int*)(&Q_WS_WIN))[argc];
#else
  (void)argc;
  return 0;
#endif
}
Determining if the Q_WS_QWS exist failed with the following output:
Change Dir: /home/krssg/krssg/ssl-vision/CMakeFiles/CMakeTmp

Run Build Command(s):/usr/bin/make cmTC_f1b9c/fast && /usr/bin/make -f CMakeFiles/cmTC_f1b9c.dir/build.make CMakeFiles/cmTC_f1b9c.dir/build
make[1]: Entering directory '/home/krssg/krssg/ssl-vision/CMakeFiles/CMakeTmp'
Building CXX object CMakeFiles/cmTC_f1b9c.dir/CheckSymbolExists.cxx.o
/usr/bin/c++   -I/usr/include/qt4   -o CMakeFiles/cmTC_f1b9c.dir/CheckSymbolExists.cxx.o -c /home/krssg/krssg/ssl-vision/CMakeFiles/CMakeTmp/CheckSymbolExists.cxx
/home/krssg/krssg/ssl-vision/CMakeFiles/CMakeTmp/CheckSymbolExists.cxx: In function ‘int main(int, char**)’:
/home/krssg/krssg/ssl-vision/CMakeFiles/CMakeTmp/CheckSymbolExists.cxx:8:19: error: ‘Q_WS_QWS’ was not declared in this scope
    8 |   return ((int*)(&Q_WS_QWS))[argc];
      |                   ^~~~~~~~
make[1]: *** [CMakeFiles/cmTC_f1b9c.dir/build.make:66: CMakeFiles/cmTC_f1b9c.dir/CheckSymbolExists.cxx.o] Error 1
make[1]: Leaving directory '/home/krssg/krssg/ssl-vision/CMakeFiles/CMakeTmp'
make: *** [Makefile:121: cmTC_f1b9c/fast] Error 2


File /home/krssg/krssg/ssl-vision/CMakeFiles/CMakeTmp/CheckSymbolExists.cxx:
/* */
#include <QtCore/qglobal.h>

int main(int argc, char** argv)
{
  (void)argv;
#ifndef Q_WS_QWS
  return ((int*)(&Q_WS_QWS))[argc];
#else
  (void)argc;
  return 0;
#endif
}
Determining if the Q_WS_MAC exist failed with the following output:
Change Dir: /home/krssg/krssg/ssl-vision/CMakeFiles/CMakeTmp

Run Build Command(s):/usr/bin/make cmTC_2964b/fast && /usr/bin/make -f CMakeFiles/cmTC_2964b.dir/build.make CMakeFiles/cmTC_2964b.dir/build
make[1]: Entering directory '/home/krssg/krssg/ssl-vision/CMakeFiles/CMakeTmp'
Building CXX object CMakeFiles/cmTC_2964b.dir/CheckSymbolExists.cxx.o
/usr/bin/c++   -I/usr/include/qt4   -o CMakeFiles/cmTC_2964b.dir/CheckSymbolExists.cxx.o -c /home/krssg/krssg/ssl-vision/CMakeFiles/CMakeTmp/CheckSymbolExists.cxx
/home/krssg/krssg/ssl-vision/CMakeFiles/CMakeTmp/CheckSymbolExists.cxx: In function ‘int main(int, char**)’:
/home/krssg/krssg/ssl-vision/CMakeFiles/CMakeTmp/CheckSymbolExists.cxx:8:19: error: ‘Q_WS_MAC’ was not declared in this scope
    8 |   return ((int*)(&Q_WS_MAC))[argc];
      |                   ^~~~~~~~
make[1]: *** [CMakeFiles/cmTC_2964b.dir/build.make:66: CMakeFiles/cmTC_2964b.dir/CheckSymbolExists.cxx.o] Error 1
make[1]: Leaving directory '/home/krssg/krssg/ssl-vision/CMakeFiles/CMakeTmp'
make: *** [Makefile:121: cmTC_2964b/fast] Error 2


File /home/krssg/krssg/ssl-vision/CMakeFiles/CMakeTmp/CheckSymbolExists.cxx:
/* */
#include <QtCore/qglobal.h>

int main(int argc, char** argv)
{
  (void)argv;
#ifndef Q_WS_MAC
  return ((int*)(&Q_WS_MAC))[argc];
#else
  (void)argc;
  return 0;
#endif
}
Performing C SOURCE FILE Test CMAKE_HAVE_LIBC_PTHREAD failed with the following output:
Change Dir: /home/krssg/krssg/ssl-vision/CMakeFiles/CMakeTmp

Run Build Command(s):/usr/bin/make cmTC_7ff20/fast && /usr/bin/make -f CMakeFiles/cmTC_7ff20.dir/build.make CMakeFiles/cmTC_7ff20.dir/build
make[1]: Entering directory '/home/krssg/krssg/ssl-vision/CMakeFiles/CMakeTmp'
Building C object CMakeFiles/cmTC_7ff20.dir/src.c.o
/usr/bin/cc   -DCMAKE_HAVE_LIBC_PTHREAD   -o CMakeFiles/cmTC_7ff20.dir/src.c.o   -c /home/krssg/krssg/ssl-vision/CMakeFiles/CMakeTmp/src.c
Linking C executable cmTC_7ff20
/usr/bin/cmake -E cmake_link_script CMakeFiles/cmTC_7ff20.dir/link.txt --verbose=1
/usr/bin/cc  -DCMAKE_HAVE_LIBC_PTHREAD    -rdynamic CMakeFiles/cmTC_7ff20.dir/src.c.o  -o cmTC_7ff20 
/usr/bin/ld: CMakeFiles/cmTC_7ff20.dir/src.c.o: in function `main':
src.c:(.text+0x46): undefined reference to `pthread_create'
/usr/bin/ld: src.c:(.text+0x52): undefined reference to `pthread_detach'
/usr/bin/ld: src.c:(.text+0x63): undefined reference to `pthread_join'
collect2: error: ld returned 1 exit status
make[1]: *** [CMakeFiles/cmTC_7ff20.dir/build.make:87: cmTC_7ff20] Error 1
make[1]: Leaving directory '/home/krssg/krssg/ssl-vision/CMakeFiles/CMakeTmp'
make: *** [Makefile:121: cmTC_7ff20/fast] Error 2


Source file was:
#include <pthread.h>

void* test_func(void* data)
{
  return data;
}

int main(void)
{
  pthread_t thread;
  pthread_create(&thread, NULL, test_func, NULL);
  pthread_detach(thread);
  pthread_join(thread, NULL);
  pthread_atfork(NULL, NULL, NULL);
  pthread_exit(NULL);

  return 0;
}

Determining if the function pthread_create exists in the pthreads failed with the following output:
Change Dir: /home/krssg/krssg/ssl-vision/CMakeFiles/CMakeTmp

Run Build Command(s):/usr/bin/make cmTC_1ea8c/fast && /usr/bin/make -f CMakeFiles/cmTC_1ea8c.dir/build.make CMakeFiles/cmTC_1ea8c.dir/build
make[1]: Entering directory '/home/krssg/krssg/ssl-vision/CMakeFiles/CMakeTmp'
Building C object CMakeFiles/cmTC_1ea8c.dir/CheckFunctionExists.c.o
/usr/bin/cc   -DCHECK_FUNCTION_EXISTS=pthread_create   -o CMakeFiles/cmTC_1ea8c.dir/CheckFunctionExists.c.o   -c /usr/share/cmake-3.16/Modules/CheckFunctionExists.c
Linking C executable cmTC_1ea8c
/usr/bin/cmake -E cmake_link_script CMakeFiles/cmTC_1ea8c.dir/link.txt --verbose=1
/usr/bin/cc  -DCHECK_FUNCTION_EXISTS=pthread_create    -rdynamic CMakeFiles/cmTC_1ea8c.dir/CheckFunctionExists.c.o  -o cmTC_1ea8c  -lpthreads 
/usr/bin/ld: cannot find -lpthreads
collect2: error: ld returned 1 exit status
make[1]: *** [CMakeFiles/cmTC_1ea8c.dir/build.make:87: cmTC_1ea8c] Error 1
make[1]: Leaving directory '/home/krssg/krssg/ssl-vision/CMakeFiles/CMakeTmp'
make: *** [Makefile:121: cmTC_1ea8c/fast] Error 2



Determining if the Q_WS_WIN exist failed with the following output:
Change Dir: /home/krssg/krssg/ssl-vision/CMakeFiles/CMakeTmp

Run Build Command(s):/usr/bin/make cmTC_615a2/fast && /usr/bin/make -f CMakeFiles/cmTC_615a2.dir/build.make CMakeFiles/cmTC_615a2.dir/build
make[1]: Entering directory '/home/krssg/krssg/ssl-vision/CMakeFiles/CMakeTmp'
Building CXX object CMakeFiles/cmTC_615a2.dir/CheckSymbolExists.cxx.o
/usr/bin/c++   -I/usr/include/qt4   -o CMakeFiles/cmTC_615a2.dir/CheckSymbolExists.cxx.o -c /home/krssg/krssg/ssl-vision/CMakeFiles/CMakeTmp/CheckSymbolExists.cxx
/home/krssg/krssg/ssl-vision/CMakeFiles/CMakeTmp/CheckSymbolExists.cxx: In function ‘int main(int, char**)’:
/home/krssg/krssg/ssl-vision/CMakeFiles/CMakeTmp/CheckSymbolExists.cxx:8:19: error: ‘Q_WS_WIN’ was not declared in this scope
    8 |   return ((int*)(&Q_WS_WIN))[argc];
      |                   ^~~~~~~~
make[1]: *** [CMakeFiles/cmTC_615a2.dir/build.make:66: CMakeFiles/cmTC_615a2.dir/CheckSymbolExists.cxx.o] Error 1
make[1]: Leaving directory '/home/krssg/krssg/ssl-vision/CMakeFiles/CMakeTmp'
make: *** [Makefile:121: cmTC_615a2/fast] Error 2


File /home/krssg/krssg/ssl-vision/CMakeFiles/CMakeTmp/CheckSymbolExists.cxx:
/* */
#include <QtCore/qglobal.h>

int main(int argc, char** argv)
{
  (void)argv;
#ifndef Q_WS_WIN
  return ((int*)(&Q_WS_WIN))[argc];
#else
  (void)argc;
  return 0;
#endif
}
Determining if the Q_WS_QWS exist failed with the following output:
Change Dir: /home/krssg/krssg/ssl-vision/CMakeFiles/CMakeTmp

Run Build Command(s):/usr/bin/make cmTC_a63a1/fast && /usr/bin/make -f CMakeFiles/cmTC_a63a1.dir/build.make CMakeFiles/cmTC_a63a1.dir/build
make[1]: Entering directory '/home/krssg/krssg/ssl-vision/CMakeFiles/CMakeTmp'
Building CXX object CMakeFiles/cmTC_a63a1.dir/CheckSymbolExists.cxx.o
/usr/bin/c++   -I/usr/include/qt4   -o CMakeFiles/cmTC_a63a1.dir/CheckSymbolExists.cxx.o -c /home/krssg/krssg/ssl-vision/CMakeFiles/CMakeTmp/CheckSymbolExists.cxx
/home/krssg/krssg/ssl-vision/CMakeFiles/CMakeTmp/CheckSymbolExists.cxx: In function ‘int main(int, char**)’:
/home/krssg/krssg/ssl-vision/CMakeFiles/CMakeTmp/CheckSymbolExists.cxx:8:19: error: ‘Q_WS_QWS’ was not declared in this scope
    8 |   return ((int*)(&Q_WS_QWS))[argc];
      |                   ^~~~~~~~
make[1]: *** [CMakeFiles/cmTC_a63a1.dir/build.make:66: CMakeFiles/cmTC_a63a1.dir/CheckSymbolExists.cxx.o] Error 1
make[1]: Leaving directory '/home/krssg/krssg/ssl-vision/CMakeFiles/CMakeTmp'
make: *** [Makefile:121: cmTC_a63a1/fast] Error 2


File /home/krssg/krssg/ssl-vision/CMakeFiles/CMakeTmp/CheckSymbolExists.cxx:
/* */
#include <QtCore/qglobal.h>

int main(int argc, char** argv)
{
  (void)argv;
#ifndef Q_WS_QWS
  return ((int*)(&Q_WS_QWS))[argc];
#else
  (void)argc;
  return 0;
#endif
}
Determining if the Q_WS_MAC exist failed with the following output:
Change Dir: /home/krssg/krssg/ssl-vision/CMakeFiles/CMakeTmp

Run Build Command(s):/usr/bin/make cmTC_e5197/fast && /usr/bin/make -f CMakeFiles/cmTC_e5197.dir/build.make CMakeFiles/cmTC_e5197.dir/build
make[1]: Entering directory '/home/krssg/krssg/ssl-vision/CMakeFiles/CMakeTmp'
Building CXX object CMakeFiles/cmTC_e5197.dir/CheckSymbolExists.cxx.o
/usr/bin/c++   -I/usr/include/qt4   -o CMakeFiles/cmTC_e5197.dir/CheckSymbolExists.cxx.o -c /home/krssg/krssg/ssl-vision/CMakeFiles/CMakeTmp/CheckSymbolExists.cxx
/home/krssg/krssg/ssl-vision/CMakeFiles/CMakeTmp/CheckSymbolExists.cxx: In function ‘int main(int, char**)’:
/home/krssg/krssg/ssl-vision/CMakeFiles/CMakeTmp/CheckSymbolExists.cxx:8:19: error: ‘Q_WS_MAC’ was not declared in this scope
    8 |   return ((int*)(&Q_WS_MAC))[argc];
      |                   ^~~~~~~~
make[1]: *** [CMakeFiles/cmTC_e5197.dir/build.make:66: CMakeFiles/cmTC_e5197.dir/CheckSymbolExists.cxx.o] Error 1
make[1]: Leaving directory '/home/krssg/krssg/ssl-vision/CMakeFiles/CMakeTmp'
make: *** [Makefile:121: cmTC_e5197/fast] Error 2


File /home/krssg/krssg/ssl-vision/CMakeFiles/CMakeTmp/CheckSymbolExists.cxx:
/* */
#include <QtCore/qglobal.h>

int main(int argc, char** argv)
{
  (void)argv;
#ifndef Q_WS_MAC
  return ((int*)(&Q_WS_MAC))[argc];
#else
  (void)argc;
  return 0;
#endif
}
Performing C SOURCE FILE Test CMAKE_HAVE_LIBC_PTHREAD failed with the following output:
Change Dir: /home/krssg/krssg/ssl-vision/CMakeFiles/CMakeTmp

Run Build Command(s):/usr/bin/make cmTC_bb9ec/fast && /usr/bin/make -f CMakeFiles/cmTC_bb9ec.dir/build.make CMakeFiles/cmTC_bb9ec.dir/build
make[1]: Entering directory '/home/krssg/krssg/ssl-vision/CMakeFiles/CMakeTmp'
Building C object CMakeFiles/cmTC_bb9ec.dir/src.c.o
/usr/bin/cc   -DCMAKE_HAVE_LIBC_PTHREAD   -o CMakeFiles/cmTC_bb9ec.dir/src.c.o   -c /home/krssg/krssg/ssl-vision/CMakeFiles/CMakeTmp/src.c
Linking C executable cmTC_bb9ec
/usr/bin/cmake -E cmake_link_script CMakeFiles/cmTC_bb9ec.dir/link.txt --verbose=1
/usr/bin/cc  -DCMAKE_HAVE_LIBC_PTHREAD    -rdynamic CMakeFiles/cmTC_bb9ec.dir/src.c.o  -o cmTC_bb9ec 
/usr/bin/ld: CMakeFiles/cmTC_bb9ec.dir/src.c.o: in function `main':
src.c:(.text+0x46): undefined reference to `pthread_create'
/usr/bin/ld: src.c:(.text+0x52): undefined reference to `pthread_detach'
/usr/bin/ld: src.c:(.text+0x63): undefined reference to `pthread_join'
collect2: error: ld returned 1 exit status
make[1]: *** [CMakeFiles/cmTC_bb9ec.dir/build.make:87: cmTC_bb9ec] Error 1
make[1]: Leaving directory '/home/krssg/krssg/ssl-vision/CMakeFiles/CMakeTmp'
make: *** [Makefile:121: cmTC_bb9ec/fast] Error 2


Source file was:
#include <pthread.h>

void* test_func(void* data)
{
  return data;
}

int main(void)
{
  pthread_t thread;
  pthread_create(&thread, NULL, test_func, NULL);
  pthread_detach(thread);
  pthread_join(thread, NULL);
  pthread_atfork(NULL, NULL, NULL);
  pthread_exit(NULL);

  return 0;
}

Determining if the function pthread_create exists in the pthreads failed with the following output:
Change Dir: /home/krssg/krssg/ssl-vision/CMakeFiles/CMakeTmp

Run Build Command(s):/usr/bin/make cmTC_c4095/fast && /usr/bin/make -f CMakeFiles/cmTC_c4095.dir/build.make CMakeFiles/cmTC_c4095.dir/build
make[1]: Entering directory '/home/krssg/krssg/ssl-vision/CMakeFiles/CMakeTmp'
Building C object CMakeFiles/cmTC_c4095.dir/CheckFunctionExists.c.o
/usr/bin/cc   -DCHECK_FUNCTION_EXISTS=pthread_create   -o CMakeFiles/cmTC_c4095.dir/CheckFunctionExists.c.o   -c /usr/share/cmake-3.16/Modules/CheckFunctionExists.c
Linking C executable cmTC_c4095
/usr/bin/cmake -E cmake_link_script CMakeFiles/cmTC_c4095.dir/link.txt --verbose=1
/usr/bin/cc  -DCHECK_FUNCTION_EXISTS=pthread_create    -rdynamic CMakeFiles/cmTC_c4095.dir/CheckFunctionExists.c.o  -o cmTC_c4095  -lpthreads 
/usr/bin/ld: cannot find -lpthreads
collect2: error: ld returned 1 exit status
make[1]: *** [CMakeFiles/cmTC_c4095.dir/build.make:87: cmTC_c4095] Error 1
make[1]: Leaving directory '/home/krssg/krssg/ssl-vision/CMakeFiles/CMakeTmp'
make: *** [Makefile:121: cmTC_c4095/fast] Error 2



Determining if the Q_WS_WIN exist failed with the following output:
Change Dir: /home/krssg/krssg/ssl-vision/CMakeFiles/CMakeTmp

Run Build Command(s):/usr/bin/make cmTC_d2e58/fast && /usr/bin/make -f CMakeFiles/cmTC_d2e58.dir/build.make CMakeFiles/cmTC_d2e58.dir/build
make[1]: Entering directory '/home/krssg/krssg/ssl-vision/CMakeFiles/CMakeTmp'
Building CXX object CMakeFiles/cmTC_d2e58.dir/CheckSymbolExists.cxx.o
/usr/bin/c++   -I/usr/include/qt4   -o CMakeFiles/cmTC_d2e58.dir/CheckSymbolExists.cxx.o -c /home/krssg/krssg/ssl-vision/CMakeFiles/CMakeTmp/CheckSymbolExists.cxx
/home/krssg/krssg/ssl-vision/CMakeFiles/CMakeTmp/CheckSymbolExists.cxx: In function ‘int main(int, char**)’:
/home/krssg/krssg/ssl-vision/CMakeFiles/CMakeTmp/CheckSymbolExists.cxx:8:19: error: ‘Q_WS_WIN’ was not declared in this scope
    8 |   return ((int*)(&Q_WS_WIN))[argc];
      |                   ^~~~~~~~
make[1]: *** [CMakeFiles/cmTC_d2e58.dir/build.make:66: CMakeFiles/cmTC_d2e58.dir/CheckSymbolExists.cxx.o] Error 1
make[1]: Leaving directory '/home/krssg/krssg/ssl-vision/CMakeFiles/CMakeTmp'
make: *** [Makefile:121: cmTC_d2e58/fast] Error 2


File /home/krssg/krssg/ssl-vision/CMakeFiles/CMakeTmp/CheckSymbolExists.cxx:
/* */
#include <QtCore/qglobal.h>

int main(int argc, char** argv)
{
  (void)argv;
#ifndef Q_WS_WIN
  return ((int*)(&Q_WS_WIN))[argc];
#else
  (void)argc;
  return 0;
#endif
}
Determining if the Q_WS_QWS exist failed with the following output:
Change Dir: /home/krssg/krssg/ssl-vision/CMakeFiles/CMakeTmp

Run Build Command(s):/usr/bin/make cmTC_9411c/fast && /usr/bin/make -f CMakeFiles/cmTC_9411c.dir/build.make CMakeFiles/cmTC_9411c.dir/build
make[1]: Entering directory '/home/krssg/krssg/ssl-vision/CMakeFiles/CMakeTmp'
Building CXX object CMakeFiles/cmTC_9411c.dir/CheckSymbolExists.cxx.o
/usr/bin/c++   -I/usr/include/qt4   -o CMakeFiles/cmTC_9411c.dir/CheckSymbolExists.cxx.o -c /home/krssg/krssg/ssl-vision/CMakeFiles/CMakeTmp/CheckSymbolExists.cxx
/home/krssg/krssg/ssl-vision/CMakeFiles/CMakeTmp/CheckSymbolExists.cxx: In function ‘int main(int, char**)’:
/home/krssg/krssg/ssl-vision/CMakeFiles/CMakeTmp/CheckSymbolExists.cxx:8:19: error: ‘Q_WS_QWS’ was not declared in this scope
    8 |   return ((int*)(&Q_WS_QWS))[argc];
      |                   ^~~~~~~~
make[1]: *** [CMakeFiles/cmTC_9411c.dir/build.make:66: CMakeFiles/cmTC_9411c.dir/CheckSymbolExists.cxx.o] Error 1
make[1]: Leaving directory '/home/krssg/krssg/ssl-vision/CMakeFiles/CMakeTmp'
make: *** [Makefile:121: cmTC_9411c/fast] Error 2


File /home/krssg/krssg/ssl-vision/CMakeFiles/CMakeTmp/CheckSymbolExists.cxx:
/* */
#include <QtCore/qglobal.h>

int main(int argc, char** argv)
{
  (void)argv;
#ifndef Q_WS_QWS
  return ((int*)(&Q_WS_QWS))[argc];
#else
  (void)argc;
  return 0;
#endif
}
Determining if the Q_WS_MAC exist failed with the following output:
Change Dir: /home/krssg/krssg/ssl-vision/CMakeFiles/CMakeTmp

Run Build Command(s):/usr/bin/make cmTC_f4dd9/fast && /usr/bin/make -f CMakeFiles/cmTC_f4dd9.dir/build.make CMakeFiles/cmTC_f4dd9.dir/build
make[1]: Entering directory '/home/krssg/krssg/ssl-vision/CMakeFiles/CMakeTmp'
Building CXX object CMakeFiles/cmTC_f4dd9.dir/CheckSymbolExists.cxx.o
/usr/bin/c++   -I/usr/include/qt4   -o CMakeFiles/cmTC_f4dd9.dir/CheckSymbolExists.cxx.o -c /home/krssg/krssg/ssl-vision/CMakeFiles/CMakeTmp/CheckSymbolExists.cxx
/home/krssg/krssg/ssl-vision/CMakeFiles/CMakeTmp/CheckSymbolExists.cxx: In function ‘int main(int, char**)’:
/home/krssg/krssg/ssl-vision/CMakeFiles/CMakeTmp/CheckSymbolExists.cxx:8:19: error: ‘Q_WS_MAC’ was not declared in this scope
    8 |   return ((int*)(&Q_WS_MAC))[argc];
      |                   ^~~~~~~~
make[1]: *** [CMakeFiles/cmTC_f4dd9.dir/build.make:66: CMakeFiles/cmTC_f4dd9.dir/CheckSymbolExists.cxx.o] Error 1
make[1]: Leaving directory '/home/krssg/krssg/ssl-vision/CMakeFiles/CMakeTmp'
make: *** [Makefile:121: cmTC_f4dd9/fast] Error 2


File /home/krssg/krssg/ssl-vision/CMakeFiles/CMakeTmp/CheckSymbolExists.cxx:
/* */
#include <QtCore/qglobal.h>

int main(int argc, char** argv)
{
  (void)argv;
#ifndef Q_WS_MAC
  return ((int*)(&Q_WS_MAC))[argc];
#else
  (void)argc;
  return 0;
#endif
}
